g:\代码\hellogl2\hellogl2\x64\debug\vc140.pdb
g:\代码\hellogl2\hellogl2\x64\debug\window.obj
g:\代码\hellogl2\hellogl2\x64\debug\mainwindow.obj
g:\代码\hellogl2\hellogl2\x64\debug\main.obj
g:\代码\hellogl2\hellogl2\x64\debug\glwidget.obj
g:\代码\hellogl2\hellogl2\x64\debug\moc_window.obj
g:\代码\hellogl2\hellogl2\x64\debug\moc_textureloader.obj
g:\代码\hellogl2\hellogl2\x64\debug\moc_shader.obj
g:\代码\hellogl2\hellogl2\x64\debug\moc_model.obj
g:\代码\hellogl2\hellogl2\x64\debug\moc_mainwindow.obj
g:\代码\hellogl2\hellogl2\x64\debug\moc_glwidget.obj
g:\代码\hellogl2\hellogl2\x64\debug\camera.obj
g:\代码\hellogl2\hellogl2\x64\debug\qrc_hellogl2.obj
g:\代码\hellogl2\hellogl2\generatedfiles\debug\moc_textureloader.cpp
g:\代码\hellogl2\hellogl2\generatedfiles\debug\moc_shader.cpp
g:\代码\hellogl2\hellogl2\generatedfiles\qrc_hellogl2.cpp
g:\代码\hellogl2\hellogl2\generatedfiles\debug\moc_model.cpp
g:\代码\hellogl2\hellogl2\generatedfiles\debug\moc_mainwindow.cpp
g:\代码\hellogl2\hellogl2\generatedfiles\ui_hellogl2.h
g:\代码\hellogl2\hellogl2\generatedfiles\debug\moc_glwidget.cpp
g:\代码\hellogl2\x64\debug\hellogl2.exe
g:\代码\hellogl2\x64\debug\hellogl2.pdb
g:\代码\hellogl2\hellogl2\x64\debug\hellogl2.tlog\cl.command.1.tlog
g:\代码\hellogl2\hellogl2\x64\debug\hellogl2.tlog\cl.read.1.tlog
g:\代码\hellogl2\hellogl2\x64\debug\hellogl2.tlog\cl.write.1.tlog
g:\代码\hellogl2\hellogl2\x64\debug\hellogl2.tlog\custombuild.command.1.tlog
g:\代码\hellogl2\hellogl2\x64\debug\hellogl2.tlog\custombuild.read.1.tlog
g:\代码\hellogl2\hellogl2\x64\debug\hellogl2.tlog\custombuild.write.1.tlog
g:\代码\hellogl2\hellogl2\x64\debug\hellogl2.tlog\link.command.1.tlog
g:\代码\hellogl2\hellogl2\x64\debug\hellogl2.tlog\link.read.1.tlog
g:\代码\hellogl2\hellogl2\x64\debug\hellogl2.tlog\link.write.1.tlog
